android-app/app/build/intermediates/manifest_merge_blame_file/release/processReleaseMainManifest/manifest-merger-blame-release-report.txt
1<?xml version="1.0" encoding="utf-8"?>
2<manifest xmlns:android="http://schemas.android.com/apk/res/android"
3    package="com.quizcraft.android"
4    android:versionCode="14"
5    android:versionName="2.2.4" >
6
7    <uses-sdk
8        android:minSdkVersion="24"
9        android:targetSdkVersion="34" />
10
11    <!-- 网络访问权限 -->
12    <uses-permission android:name="android.permission.INTERNET" />
12-->src\main\AndroidManifest.xml:6:5-67
12-->src\main\AndroidManifest.xml:6:22-64
13    <uses-permission android:name="android.permission.ACCESS_NETWORK_STATE" />
13-->src\main\AndroidManifest.xml:7:5-79
13-->src\main\AndroidManifest.xml:7:22-76
14    <!-- Android 8+ 允许安装 APK -->
15    <uses-permission android:name="android.permission.REQUEST_INSTALL_PACKAGES" />
15-->src\main\AndroidManifest.xml:9:5-83
15-->src\main\AndroidManifest.xml:9:22-80
16
17    <permission
17-->[androidx.core:core:1.9.0] AndroidManifest.xml:22:5-24:47
18        android:name="com.quizcraft.android.DYNAMIC_RECEIVER_NOT_EXPORTED_PERMISSION"
18-->[androidx.core:core:1.9.0] AndroidManifest.xml:23:9-81
19        android:protectionLevel="signature" />
19-->[androidx.core:core:1.9.0] AndroidManifest.xml:24:9-44
20
21    <uses-permission android:name="com.quizcraft.android.DYNAMIC_RECEIVER_NOT_EXPORTED_PERMISSION" />
21-->[androidx.core:core:1.9.0] AndroidManifest.xml:26:5-97
21-->[androidx.core:core:1.9.0] AndroidManifest.xml:26:22-94
22
23    <application
23-->src\main\AndroidManifest.xml:11:5-42:19
24        android:allowBackup="true"
24-->src\main\AndroidManifest.xml:12:9-35
25        android:appComponentFactory="androidx.core.app.CoreComponentFactory"
25-->[androidx.core:core:1.9.0] AndroidManifest.xml:28:18-86
26        android:extractNativeLibs="false"
27        android:icon="@mipmap/ic_launcher"
27-->src\main\AndroidManifest.xml:13:9-43
28        android:label="@string/app_name"
28-->src\main\AndroidManifest.xml:14:9-41
29        android:roundIcon="@mipmap/ic_launcher_round"
29-->src\main\AndroidManifest.xml:15:9-54
30        android:supportsRtl="true"
30-->src\main\AndroidManifest.xml:16:9-35
31        android:theme="@style/Theme.QuizCraft"
31-->src\main\AndroidManifest.xml:17:9-47
32        android:usesCleartextTraffic="true" >
32-->src\main\AndroidManifest.xml:18:9-44
33        <activity
33-->src\main\AndroidManifest.xml:21:9-30:20
34            android:name="com.quizcraft.android.MainActivity"
34-->src\main\AndroidManifest.xml:22:13-41
35            android:configChanges="orientation|screenSize|keyboardHidden"
35-->src\main\AndroidManifest.xml:24:13-74
36            android:exported="true"
36-->src\main\AndroidManifest.xml:23:13-36
37            android:windowSoftInputMode="adjustResize" >
37-->src\main\AndroidManifest.xml:25:13-55
38            <intent-filter>
38-->src\main\AndroidManifest.xml:26:13-29:29
39                <action android:name="android.intent.action.MAIN" />
39-->src\main\AndroidManifest.xml:27:17-69
39-->src\main\AndroidManifest.xml:27:25-66
40
41                <category android:name="android.intent.category.LAUNCHER" />
41-->src\main\AndroidManifest.xml:28:17-77
41-->src\main\AndroidManifest.xml:28:27-74
42            </intent-filter>
43        </activity>
44
45        <provider
46            android:name="androidx.core.content.FileProvider"
46-->src\main\AndroidManifest.xml:33:13-62
47            android:authorities="com.quizcraft.android.fileprovider"
47-->src\main\AndroidManifest.xml:34:13-64
48            android:exported="false"
48-->src\main\AndroidManifest.xml:35:13-37
49            android:grantUriPermissions="true" >
49-->src\main\AndroidManifest.xml:36:13-47
50            <meta-data
50-->src\main\AndroidManifest.xml:37:13-39:54
51                android:name="android.support.FILE_PROVIDER_PATHS"
51-->src\main\AndroidManifest.xml:38:17-67
52                android:resource="@xml/file_paths" />
52-->src\main\AndroidManifest.xml:39:17-51
53        </provider>
54        <provider
54-->[androidx.emoji2:emoji2:1.2.0] AndroidManifest.xml:24:9-32:20
55            android:name="androidx.startup.InitializationProvider"
55-->[androidx.emoji2:emoji2:1.2.0] AndroidManifest.xml:25:13-67
56            android:authorities="com.quizcraft.android.androidx-startup"
56-->[androidx.emoji2:emoji2:1.2.0] AndroidManifest.xml:26:13-68
57            android:exported="false" >
57-->[androidx.emoji2:emoji2:1.2.0] AndroidManifest.xml:27:13-37
58            <meta-data
58-->[androidx.emoji2:emoji2:1.2.0] AndroidManifest.xml:29:13-31:52
59                android:name="androidx.emoji2.text.EmojiCompatInitializer"
59-->[androidx.emoji2:emoji2:1.2.0] AndroidManifest.xml:30:17-75
60                android:value="androidx.startup" />
60-->[androidx.emoji2:emoji2:1.2.0] AndroidManifest.xml:31:17-49
61            <meta-data
61-->[androidx.lifecycle:lifecycle-process:2.4.1] AndroidManifest.xml:31:13-33:52
62                android:name="androidx.lifecycle.ProcessLifecycleInitializer"
62-->[androidx.lifecycle:lifecycle-process:2.4.1] AndroidManifest.xml:32:17-78
63                android:value="androidx.startup" />
63-->[androidx.lifecycle:lifecycle-process:2.4.1] AndroidManifest.xml:33:17-49
64        </provider>
65    </application>
66
67</manifest>